# JRE version: Java(TM) SE Runtime Environment (8.0_271-b09) (build 1.8.0_271-b09)
# Java VM: Java HotSpot(TM) 64-Bit Server VM (25.271-b09 mixed mode windows-amd64 compressed oops)
Heap:
 PSYoungGen      total 120832K, used 12764K [0x00000000f5580000, 0x0000000100000000, 0x0000000100000000)
  eden space 67072K, 0% used [0x00000000f5580000,0x00000000f5580000,0x00000000f9700000)
  from space 53760K, 23% used [0x00000000f9700000,0x00000000fa3771c8,0x00000000fcb80000)
  to   space 51712K, 0% used [0x00000000fcd80000,0x00000000fcd80000,0x0000000100000000)
 ParOldGen       total 349696K, used 328372K [0x00000000e0000000, 0x00000000f5580000, 0x00000000f5580000)
  object space 349696K, 93% used [0x00000000e0000000,0x00000000f40ad088,0x00000000f5580000)
 Metaspace       used 110256K, capacity 119950K, committed 120128K, reserved 1153024K
  class space    used 14207K, capacity 15922K, committed 15936K, reserved 1048576K
GC Heap History (10 events):
Event: 16123.273 GC heap after
Heap after GC invocations=172 (full 9):
 PSYoungGen      total 122880K, used 17059K [0x00000000f5580000, 0x00000000ff880000, 0x0000000100000000)
  eden space 79872K, 0% used [0x00000000f5580000,0x00000000f5580000,0x00000000fa380000)
  from space 43008K, 39% used [0x00000000fa380000,0x00000000fb428f20,0x00000000fcd80000)
  to   space 40960K, 0% used [0x00000000fd080000,0x00000000fd080000,0x00000000ff880000)
 ParOldGen       total 349696K, used 299973K [0x00000000e0000000, 0x00000000f5580000, 0x00000000f5580000)
  object space 349696K, 85% used [0x00000000e0000000,0x00000000f24f15b0,0x00000000f5580000)
 Metaspace       used 110198K, capacity 119804K, committed 119872K, reserved 1153024K
  class space    used 14200K, capacity 15909K, committed 15936K, reserved 1048576K
}
Event: 16124.116 GC heap before
{Heap before GC invocations=173 (full 9):
 PSYoungGen      total 122880K, used 96931K [0x00000000f5580000, 0x00000000ff880000, 0x0000000100000000)
  eden space 79872K, 100% used [0x00000000f5580000,0x00000000fa380000,0x00000000fa380000)
  from space 43008K, 39% used [0x00000000fa380000,0x00000000fb428f20,0x00000000fcd80000)
  to   space 40960K, 0% used [0x00000000fd080000,0x00000000fd080000,0x00000000ff880000)
 ParOldGen       total 349696K, used 299973K [0x00000000e0000000, 0x00000000f5580000, 0x00000000f5580000)
  object space 349696K, 85% used [0x00000000e0000000,0x00000000f24f15b0,0x00000000f5580000)
 Metaspace       used 110229K, capacity 119946K, committed 120128K, reserved 1153024K
  class space    used 14207K, capacity 15922K, committed 15936K, reserved 1048576K
Event: 16124.168 GC heap after
Heap after GC invocations=173 (full 9):
 PSYoungGen      total 122880K, used 29360K [0x00000000f5580000, 0x0000000100000000, 0x0000000100000000)
  eden space 81920K, 0% used [0x00000000f5580000,0x00000000f5580000,0x00000000fa580000)
  from space 40960K, 71% used [0x00000000fd080000,0x00000000fed2c3d0,0x00000000ff880000)
  to   space 44032K, 0% used [0x00000000fa580000,0x00000000fa580000,0x00000000fd080000)
 ParOldGen       total 349696K, used 299973K [0x00000000e0000000, 0x00000000f5580000, 0x00000000f5580000)
  object space 349696K, 85% used [0x00000000e0000000,0x00000000f24f15b0,0x00000000f5580000)
 Metaspace       used 110229K, capacity 119946K, committed 120128K, reserved 1153024K
  class space    used 14207K, capacity 15922K, committed 15936K, reserved 1048576K
}
Event: 16125.652 GC heap before
{Heap before GC invocations=174 (full 9):
 PSYoungGen      total 122880K, used 111280K [0x00000000f5580000, 0x0000000100000000, 0x0000000100000000)
  eden space 81920K, 100% used [0x00000000f5580000,0x00000000fa580000,0x00000000fa580000)
  from space 40960K, 71% used [0x00000000fd080000,0x00000000fed2c3d0,0x00000000ff880000)
  to   space 44032K, 0% used [0x00000000fa580000,0x00000000fa580000,0x00000000fd080000)
 ParOldGen       total 349696K, used 300008K [0x00000000e0000000, 0x00000000f5580000, 0x00000000f5580000)
  object space 349696K, 85% used [0x00000000e0000000,0x00000000f24fa3e0,0x00000000f5580000)
 Metaspace       used 110240K, capacity 119946K, committed 120128K, reserved 1153024K
  class space    used 14207K, capacity 15922K, committed 15936K, reserved 1048576K
Event: 16125.770 GC heap after
Heap after GC invocations=174 (full 9):
 PSYoungGen      total 125952K, used 33294K [0x00000000f5580000, 0x0000000100000000, 0x0000000100000000)
  eden space 81920K, 0% used [0x00000000f5580000,0x00000000f5580000,0x00000000fa580000)
  from space 44032K, 75% used [0x00000000fa580000,0x00000000fc603920,0x00000000fd080000)
  to   space 47616K, 0% used [0x00000000fd180000,0x00000000fd180000,0x0000000100000000)
 ParOldGen       total 349696K, used 300008K [0x00000000e0000000, 0x00000000f5580000, 0x00000000f5580000)
  object space 349696K, 85% used [0x00000000e0000000,0x00000000f24fa3e0,0x00000000f5580000)
 Metaspace       used 110240K, capacity 119946K, committed 120128K, reserved 1153024K
  class space    used 14207K, capacity 15922K, committed 15936K, reserved 1048576K
}
Event: 16131.089 GC heap before
{Heap before GC invocations=175 (full 9):
 PSYoungGen      total 125952K, used 115214K [0x00000000f5580000, 0x0000000100000000, 0x0000000100000000)
  eden space 81920K, 100% used [0x00000000f5580000,0x00000000fa580000,0x00000000fa580000)
  from space 44032K, 75% used [0x00000000fa580000,0x00000000fc603920,0x00000000fd080000)
  to   space 47616K, 0% used [0x00000000fd180000,0x00000000fd180000,0x0000000100000000)
 ParOldGen       total 349696K, used 300020K [0x00000000e0000000, 0x00000000f5580000, 0x00000000f5580000)
  object space 349696K, 85% used [0x00000000e0000000,0x00000000f24fd270,0x00000000f5580000)
 Metaspace       used 110246K, capacity 119946K, committed 120128K, reserved 1153024K
  class space    used 14207K, capacity 15922K, committed 15936K, reserved 1048576K
Event: 16131.275 GC heap after
Heap after GC invocations=175 (full 9):
 PSYoungGen      total 114688K, used 42680K [0x00000000f5580000, 0x0000000100000000, 0x0000000100000000)
  eden space 67072K, 0% used [0x00000000f5580000,0x00000000f5580000,0x00000000f9700000)
  from space 47616K, 89% used [0x00000000fd180000,0x00000000ffb2e010,0x0000000100000000)
  to   space 53760K, 0% used [0x00000000f9700000,0x00000000f9700000,0x00000000fcb80000)
 ParOldGen       total 349696K, used 300700K [0x00000000e0000000, 0x00000000f5580000, 0x00000000f5580000)
  object space 349696K, 85% used [0x00000000e0000000,0x00000000f25a7120,0x00000000f5580000)
 Metaspace       used 110246K, capacity 119946K, committed 120128K, reserved 1153024K
  class space    used 14207K, capacity 15922K, committed 15936K, reserved 1048576K
}
Event: 16138.482 GC heap before
{Heap before GC invocations=176 (full 9):
 PSYoungGen      total 114688K, used 109752K [0x00000000f5580000, 0x0000000100000000, 0x0000000100000000)
  eden space 67072K, 100% used [0x00000000f5580000,0x00000000f9700000,0x00000000f9700000)
  from space 47616K, 89% used [0x00000000fd180000,0x00000000ffb2e010,0x0000000100000000)
  to   space 53760K, 0% used [0x00000000f9700000,0x00000000f9700000,0x00000000fcb80000)
 ParOldGen       total 349696K, used 300700K [0x00000000e0000000, 0x00000000f5580000, 0x00000000f5580000)
  object space 349696K, 85% used [0x00000000e0000000,0x00000000f25a7120,0x00000000f5580000)
 Metaspace       used 110256K, capacity 119950K, committed 120128K, reserved 1153024K
  class space    used 14207K, capacity 15922K, committed 15936K, reserved 1048576K
Event: 16138.719 GC heap after
Heap after GC invocations=176 (full 9):
 PSYoungGen      total 120832K, used 12764K [0x00000000f5580000, 0x0000000100000000, 0x0000000100000000)
  eden space 67072K, 0% used [0x00000000f5580000,0x00000000f5580000,0x00000000f9700000)
  from space 53760K, 23% used [0x00000000f9700000,0x00000000fa3771c8,0x00000000fcb80000)
  to   space 51712K, 0% used [0x00000000fcd80000,0x00000000fcd80000,0x0000000100000000)
 ParOldGen       total 349696K, used 328372K [0x00000000e0000000, 0x00000000f5580000, 0x00000000f5580000)
  object space 349696K, 93% used [0x00000000e0000000,0x00000000f40ad088,0x00000000f5580000)
 Metaspace       used 110256K, capacity 119950K, committed 120128K, reserved 1153024K
  class space    used 14207K, capacity 15922K, committed 15936K, reserved 1048576K
}
Event: 16138.719 GC heap before
{Heap before GC invocations=177 (full 10):
 PSYoungGen      total 120832K, used 12764K [0x00000000f5580000, 0x0000000100000000, 0x0000000100000000)
  eden space 67072K, 0% used [0x00000000f5580000,0x00000000f5580000,0x00000000f9700000)
  from space 53760K, 23% used [0x00000000f9700000,0x00000000fa3771c8,0x00000000fcb80000)
  to   space 51712K, 0% used [0x00000000fcd80000,0x00000000fcd80000,0x0000000100000000)
 ParOldGen       total 349696K, used 328372K [0x00000000e0000000, 0x00000000f5580000, 0x00000000f5580000)
  object space 349696K, 93% used [0x00000000e0000000,0x00000000f40ad088,0x00000000f5580000)
 Metaspace       used 110256K, capacity 119950K, committed 120128K, reserved 1153024K
  class space    used 14207K, capacity 15922K, committed 15936K, reserved 1048576K

